<?xml version="1.0" encoding="UTF-8"?>
<testsuite xmlns:xsi="http://www.w3.org/2001/XMLSchema-instance" xsi:noNamespaceSchemaLocation="https://maven.apache.org/surefire/maven-surefire-plugin/xsd/surefire-test-report-3.0.xsd" version="3.0" name="apollo.spl.Service.OrderServiceTest" time="0.013" tests="3" errors="0" skipped="0" failures="0">
  <properties>
    <property name="sun.desktop" value="windows"/>
    <property name="awt.toolkit" value="sun.awt.windows.WToolkit"/>
    <property name="file.encoding.pkg" value="sun.io"/>
    <property name="java.specification.version" value="1.8"/>
    <property name="sun.cpu.isalist" value="amd64"/>
    <property name="sun.jnu.encoding" value="GBK"/>
    <property name="java.class.path" value="D:\java_developer\workspace\env_config\target\test-classes;D:\java_developer\workspace\env_config\target\classes;D:\java_developer\apache-maven\repository\commons-logging\commons-logging\1.2\commons-logging-1.2.jar;D:\java_developer\apache-maven\repository\log4j\log4j\1.2.12\log4j-1.2.12.jar;D:\java_developer\apache-maven\repository\org\springframework\spring-test\5.2.8.RELEASE\spring-test-5.2.8.RELEASE.jar;D:\java_developer\apache-maven\repository\org\springframework\spring-core\5.2.8.RELEASE\spring-core-5.2.8.RELEASE.jar;D:\java_developer\apache-maven\repository\org\springframework\spring-jcl\5.2.8.RELEASE\spring-jcl-5.2.8.RELEASE.jar;D:\java_developer\apache-maven\repository\org\junit\jupiter\junit-jupiter-engine\5.5.2\junit-jupiter-engine-5.5.2.jar;D:\java_developer\apache-maven\repository\org\apiguardian\apiguardian-api\1.1.0\apiguardian-api-1.1.0.jar;D:\java_developer\apache-maven\repository\org\junit\platform\junit-platform-engine\1.5.2\junit-platform-engine-1.5.2.jar;D:\java_developer\apache-maven\repository\org\opentest4j\opentest4j\1.2.0\opentest4j-1.2.0.jar;D:\java_developer\apache-maven\repository\org\junit\platform\junit-platform-commons\1.5.2\junit-platform-commons-1.5.2.jar;D:\java_developer\apache-maven\repository\org\junit\jupiter\junit-jupiter-api\5.5.2\junit-jupiter-api-5.5.2.jar;D:\java_developer\apache-maven\repository\org\hamcrest\hamcrest-library\1.3\hamcrest-library-1.3.jar;D:\java_developer\apache-maven\repository\org\hamcrest\hamcrest-core\1.3\hamcrest-core-1.3.jar;D:\java_developer\apache-maven\repository\javax\servlet\javax.servlet-api\4.0.1\javax.servlet-api-4.0.1.jar;D:\java_developer\apache-maven\repository\javax\servlet\jsp\jsp-api\2.2\jsp-api-2.2.jar;D:\java_developer\apache-maven\repository\javax\servlet\jstl\1.2\jstl-1.2.jar;D:\java_developer\apache-maven\repository\org\springframework\spring-webmvc\5.2.8.RELEASE\spring-webmvc-5.2.8.RELEASE.jar;D:\java_developer\apache-maven\repository\org\springframework\spring-aop\5.2.8.RELEASE\spring-aop-5.2.8.RELEASE.jar;D:\java_developer\apache-maven\repository\org\springframework\spring-beans\5.2.8.RELEASE\spring-beans-5.2.8.RELEASE.jar;D:\java_developer\apache-maven\repository\org\springframework\spring-context\5.2.8.RELEASE\spring-context-5.2.8.RELEASE.jar;D:\java_developer\apache-maven\repository\org\springframework\spring-expression\5.2.8.RELEASE\spring-expression-5.2.8.RELEASE.jar;D:\java_developer\apache-maven\repository\org\springframework\spring-web\5.2.8.RELEASE\spring-web-5.2.8.RELEASE.jar;D:\java_developer\apache-maven\repository\com\fasterxml\jackson\core\jackson-core\2.12.3\jackson-core-2.12.3.jar;D:\java_developer\apache-maven\repository\com\fasterxml\jackson\core\jackson-annotations\2.12.3\jackson-annotations-2.12.3.jar;D:\java_developer\apache-maven\repository\com\fasterxml\jackson\core\jackson-databind\2.12.3\jackson-databind-2.12.3.jar;D:\java_developer\apache-maven\repository\org\mybatis\mybatis\3.5.2\mybatis-3.5.2.jar;D:\java_developer\apache-maven\repository\org\mybatis\mybatis-spring\2.0.7\mybatis-spring-2.0.7.jar;D:\java_developer\apache-maven\repository\org\springframework\spring-jdbc\5.2.8.RELEASE\spring-jdbc-5.2.8.RELEASE.jar;D:\java_developer\apache-maven\repository\org\springframework\spring-tx\5.2.8.RELEASE\spring-tx-5.2.8.RELEASE.jar;D:\java_developer\apache-maven\repository\mysql\mysql-connector-java\5.1.47\mysql-connector-java-5.1.47.jar;D:\java_developer\apache-maven\repository\org\mybatis\caches\mybatis-redis\1.0.0-beta2\mybatis-redis-1.0.0-beta2.jar;D:\java_developer\apache-maven\repository\redis\clients\jedis\2.8.0\jedis-2.8.0.jar;D:\java_developer\apache-maven\repository\org\apache\commons\commons-pool2\2.3\commons-pool2-2.3.jar;D:\java_developer\apache-maven\repository\org\springframework\data\spring-data-redis\2.2.4.RELEASE\spring-data-redis-2.2.4.RELEASE.jar;D:\java_developer\apache-maven\repository\org\springframework\data\spring-data-keyvalue\2.2.4.RELEASE\spring-data-keyvalue-2.2.4.RELEASE.jar;D:\java_developer\apache-maven\repository\org\springframework\data\spring-data-commons\2.2.4.RELEASE\spring-data-commons-2.2.4.RELEASE.jar;D:\java_developer\apache-maven\repository\org\springframework\spring-oxm\5.2.3.RELEASE\spring-oxm-5.2.3.RELEASE.jar;D:\java_developer\apache-maven\repository\org\springframework\spring-context-support\5.2.3.RELEASE\spring-context-support-5.2.3.RELEASE.jar;D:\java_developer\apache-maven\repository\org\slf4j\slf4j-api\1.7.26\slf4j-api-1.7.26.jar;"/>
    <property name="java.vm.vendor" value="Oracle Corporation"/>
    <property name="sun.arch.data.model" value="64"/>
    <property name="user.variant" value=""/>
    <property name="java.vendor.url" value="http://java.oracle.com/"/>
    <property name="user.timezone" value="Asia/Shanghai"/>
    <property name="java.vm.specification.version" value="1.8"/>
    <property name="os.name" value="Windows 10"/>
    <property name="user.country" value="CN"/>
    <property name="sun.java.launcher" value="SUN_STANDARD"/>
    <property name="sun.boot.library.path" value="D:\java_developer\JDK\jre\bin"/>
    <property name="sun.java.command" value="C:\Users\spl\AppData\Local\Temp\surefire6582990500957054141\surefirebooter-20220806175145323_3.jar C:\Users\spl\AppData\Local\Temp\surefire6582990500957054141 2022-08-06T17-51-45_007-jvmRun1 surefire-20220806175145323_1tmp surefire_0-20220806175145323_2tmp"/>
    <property name="surefire.test.class.path" value="D:\java_developer\workspace\env_config\target\test-classes;D:\java_developer\workspace\env_config\target\classes;D:\java_developer\apache-maven\repository\commons-logging\commons-logging\1.2\commons-logging-1.2.jar;D:\java_developer\apache-maven\repository\log4j\log4j\1.2.12\log4j-1.2.12.jar;D:\java_developer\apache-maven\repository\org\springframework\spring-test\5.2.8.RELEASE\spring-test-5.2.8.RELEASE.jar;D:\java_developer\apache-maven\repository\org\springframework\spring-core\5.2.8.RELEASE\spring-core-5.2.8.RELEASE.jar;D:\java_developer\apache-maven\repository\org\springframework\spring-jcl\5.2.8.RELEASE\spring-jcl-5.2.8.RELEASE.jar;D:\java_developer\apache-maven\repository\org\junit\jupiter\junit-jupiter-engine\5.5.2\junit-jupiter-engine-5.5.2.jar;D:\java_developer\apache-maven\repository\org\apiguardian\apiguardian-api\1.1.0\apiguardian-api-1.1.0.jar;D:\java_developer\apache-maven\repository\org\junit\platform\junit-platform-engine\1.5.2\junit-platform-engine-1.5.2.jar;D:\java_developer\apache-maven\repository\org\opentest4j\opentest4j\1.2.0\opentest4j-1.2.0.jar;D:\java_developer\apache-maven\repository\org\junit\platform\junit-platform-commons\1.5.2\junit-platform-commons-1.5.2.jar;D:\java_developer\apache-maven\repository\org\junit\jupiter\junit-jupiter-api\5.5.2\junit-jupiter-api-5.5.2.jar;D:\java_developer\apache-maven\repository\org\hamcrest\hamcrest-library\1.3\hamcrest-library-1.3.jar;D:\java_developer\apache-maven\repository\org\hamcrest\hamcrest-core\1.3\hamcrest-core-1.3.jar;D:\java_developer\apache-maven\repository\javax\servlet\javax.servlet-api\4.0.1\javax.servlet-api-4.0.1.jar;D:\java_developer\apache-maven\repository\javax\servlet\jsp\jsp-api\2.2\jsp-api-2.2.jar;D:\java_developer\apache-maven\repository\javax\servlet\jstl\1.2\jstl-1.2.jar;D:\java_developer\apache-maven\repository\org\springframework\spring-webmvc\5.2.8.RELEASE\spring-webmvc-5.2.8.RELEASE.jar;D:\java_developer\apache-maven\repository\org\springframework\spring-aop\5.2.8.RELEASE\spring-aop-5.2.8.RELEASE.jar;D:\java_developer\apache-maven\repository\org\springframework\spring-beans\5.2.8.RELEASE\spring-beans-5.2.8.RELEASE.jar;D:\java_developer\apache-maven\repository\org\springframework\spring-context\5.2.8.RELEASE\spring-context-5.2.8.RELEASE.jar;D:\java_developer\apache-maven\repository\org\springframework\spring-expression\5.2.8.RELEASE\spring-expression-5.2.8.RELEASE.jar;D:\java_developer\apache-maven\repository\org\springframework\spring-web\5.2.8.RELEASE\spring-web-5.2.8.RELEASE.jar;D:\java_developer\apache-maven\repository\com\fasterxml\jackson\core\jackson-core\2.12.3\jackson-core-2.12.3.jar;D:\java_developer\apache-maven\repository\com\fasterxml\jackson\core\jackson-annotations\2.12.3\jackson-annotations-2.12.3.jar;D:\java_developer\apache-maven\repository\com\fasterxml\jackson\core\jackson-databind\2.12.3\jackson-databind-2.12.3.jar;D:\java_developer\apache-maven\repository\org\mybatis\mybatis\3.5.2\mybatis-3.5.2.jar;D:\java_developer\apache-maven\repository\org\mybatis\mybatis-spring\2.0.7\mybatis-spring-2.0.7.jar;D:\java_developer\apache-maven\repository\org\springframework\spring-jdbc\5.2.8.RELEASE\spring-jdbc-5.2.8.RELEASE.jar;D:\java_developer\apache-maven\repository\org\springframework\spring-tx\5.2.8.RELEASE\spring-tx-5.2.8.RELEASE.jar;D:\java_developer\apache-maven\repository\mysql\mysql-connector-java\5.1.47\mysql-connector-java-5.1.47.jar;D:\java_developer\apache-maven\repository\org\mybatis\caches\mybatis-redis\1.0.0-beta2\mybatis-redis-1.0.0-beta2.jar;D:\java_developer\apache-maven\repository\redis\clients\jedis\2.8.0\jedis-2.8.0.jar;D:\java_developer\apache-maven\repository\org\apache\commons\commons-pool2\2.3\commons-pool2-2.3.jar;D:\java_developer\apache-maven\repository\org\springframework\data\spring-data-redis\2.2.4.RELEASE\spring-data-redis-2.2.4.RELEASE.jar;D:\java_developer\apache-maven\repository\org\springframework\data\spring-data-keyvalue\2.2.4.RELEASE\spring-data-keyvalue-2.2.4.RELEASE.jar;D:\java_developer\apache-maven\repository\org\springframework\data\spring-data-commons\2.2.4.RELEASE\spring-data-commons-2.2.4.RELEASE.jar;D:\java_developer\apache-maven\repository\org\springframework\spring-oxm\5.2.3.RELEASE\spring-oxm-5.2.3.RELEASE.jar;D:\java_developer\apache-maven\repository\org\springframework\spring-context-support\5.2.3.RELEASE\spring-context-support-5.2.3.RELEASE.jar;D:\java_developer\apache-maven\repository\org\slf4j\slf4j-api\1.7.26\slf4j-api-1.7.26.jar;"/>
    <property name="sun.cpu.endian" value="little"/>
    <property name="user.home" value="C:\Users\spl"/>
    <property name="user.language" value="zh"/>
    <property name="java.specification.vendor" value="Oracle Corporation"/>
    <property name="java.home" value="D:\java_developer\JDK\jre"/>
    <property name="basedir" value="D:\java_developer\workspace\env_config"/>
    <property name="file.separator" value="\"/>
    <property name="line.separator" value="&#10;"/>
    <property name="java.vm.specification.vendor" value="Oracle Corporation"/>
    <property name="java.specification.name" value="Java Platform API Specification"/>
    <property name="java.awt.graphicsenv" value="sun.awt.Win32GraphicsEnvironment"/>
    <property name="surefire.real.class.path" value="C:\Users\spl\AppData\Local\Temp\surefire6582990500957054141\surefirebooter-20220806175145323_3.jar"/>
    <property name="sun.boot.class.path" value="D:\java_developer\JDK\jre\lib\resources.jar;D:\java_developer\JDK\jre\lib\rt.jar;D:\java_developer\JDK\jre\lib\sunrsasign.jar;D:\java_developer\JDK\jre\lib\jsse.jar;D:\java_developer\JDK\jre\lib\jce.jar;D:\java_developer\JDK\jre\lib\charsets.jar;D:\java_developer\JDK\jre\lib\jfr.jar;D:\java_developer\JDK\jre\classes"/>
    <property name="user.script" value=""/>
    <property name="sun.management.compiler" value="HotSpot 64-Bit Tiered Compilers"/>
    <property name="java.runtime.version" value="1.8.0_201-b09"/>
    <property name="user.name" value="spl"/>
    <property name="path.separator" value=";"/>
    <property name="os.version" value="10.0"/>
    <property name="java.endorsed.dirs" value="D:\java_developer\JDK\jre\lib\endorsed"/>
    <property name="java.runtime.name" value="Java(TM) SE Runtime Environment"/>
    <property name="file.encoding" value="GBK"/>
    <property name="java.vm.name" value="Java HotSpot(TM) 64-Bit Server VM"/>
    <property name="localRepository" value="D:\java_developer\apache-maven\repository"/>
    <property name="java.vendor.url.bug" value="http://bugreport.sun.com/bugreport/"/>
    <property name="java.io.tmpdir" value="C:\Users\spl\AppData\Local\Temp\"/>
    <property name="idea.version" value="2022.2"/>
    <property name="java.version" value="1.8.0_201"/>
    <property name="user.dir" value="D:\java_developer\workspace\env_config"/>
    <property name="os.arch" value="amd64"/>
    <property name="java.vm.specification.name" value="Java Virtual Machine Specification"/>
    <property name="java.awt.printerjob" value="sun.awt.windows.WPrinterJob"/>
    <property name="sun.os.patch.level" value=""/>
    <property name="java.library.path" value="D:\java_developer\JDK\jre\bin;C:\Windows\Sun\Java\bin;C:\Windows\system32;C:\Windows;C:\Program Files (x86)\Common Files\Oracle\Java\javapath;C:\Program Files\Common Files\Oracle\Java\javapath;C:\Windows\system32;C:\Windows;C:\Windows\System32\Wbem;C:\Windows\System32\WindowsPowerShell\v1.0\;C:\Windows\System32\OpenSSH\;D:\java_developer\redis\;C:\Program Files\MySQL\MySQL Shell 8.0\bin\;C:\Users\spl\AppData\Local\Microsoft\WindowsApps;%IntelliJ IDEA Community Edition%;%JAVA_HOME\bin;D:\java_developer\apache-maven\bin;C:\Program Files\MySQL\MySQL Server 5.7\bin;D:\java_developer\apache-tomcat-9.0.64\bin;;D:\java_developer\idea\IntelliJ IDEA 2022.2\bin;;."/>
    <property name="java.vm.info" value="mixed mode"/>
    <property name="java.vendor" value="Oracle Corporation"/>
    <property name="java.vm.version" value="25.201-b09"/>
    <property name="java.ext.dirs" value="D:\java_developer\JDK\jre\lib\ext;C:\Windows\Sun\Java\lib\ext"/>
    <property name="sun.io.unicode.encoding" value="UnicodeLittle"/>
    <property name="java.class.version" value="52.0"/>
  </properties>
  <testcase name="findAll" classname="apollo.spl.Service.OrderServiceTest" time="0.003"/>
  <testcase name="findById" classname="apollo.spl.Service.OrderServiceTest" time="0.002"/>
  <testcase name="save" classname="apollo.spl.Service.OrderServiceTest" time="0.006"/>
</testsuite>